{
  "RSpec": {
    "coverage": {
      "/Users/meg/Programming/week4/Bookmark_challenge/spec/bookmark_spec.rb": {
        "lines": [
          1,
          null,
          1,
          1,
          1,
          1,
          1,
          1,
          1,
          null,
          null,
          null
        ]
      },
      "/Users/meg/Programming/week4/Bookmark_challenge/spec/features/infrastructure_setup_spec.rb": {
        "lines": [
          null,
          null,
          null,
          null,
          null,
          null
        ]
      },
      "/Users/meg/Programming/week4/Bookmark_challenge/spec/features/view_bookmarks_spec.rb": {
        "lines": [
          1,
          1,
          1,
          1,
          1,
          1,
          null,
          null
        ]
      }
    },
    "timestamp": 1644947901
  }
}
